<?xml version="1.0" encoding="UTF-8"?>
<!-- Generated by org.testng.reporters.JUnitXMLReporter -->
<testsuite ignored="4" hostname="shabana-MacBookPro" failures="1" tests="13" name="ParallelTest" time="64.768" errors="0" timestamp="2023-07-08T22:52:40 IST">
  <testcase classname="ExecutePageClasses.ManageExpenseNewTest" name="clickManageExpenseAndIsDisplayedOrNot" time="2.037"/>
  <testcase classname="ExecutePageClasses.ManageExpenseNewTest" name="createNewMangeExpense" time="6.055"/>
  <testcase classname="ExecutePageClasses.ManageExpenseNewTest" name="searchCreatedNewMangeExpense" time="3.871"/>
  <testcase classname="ExecutePageClasses.HomePageTestClass" name="verifyAllTileDisplayed" time="1.271"/>
  <testcase classname="ExecutePageClasses.ManagaProductTestPage" name="verifyToSearchaProduct" time="1.517"/>
  <testcase classname="ExecutePageClasses.LoginPageTestClass" name="verifyUnSuccessfulLogin" time="0.54"/>
  <testcase classname="ExecutePageClasses.LoginPageTestClass" name="verifyUnSuccessfulLogin" time="0.52"/>
  <testcase classname="ExecutePageClasses.LoginPageTestClass" name="verifyUnSuccessfulLogin" time="0.537"/>
  <testcase classname="ExecutePageClasses.LoginPageTestClass" name="verifySuccessfulLogin" time="1.063"/>
  <testcase classname="ExecutePageClasses.ExpenseCategoryTestClass" name="verifyToCreateNewExpense" time="11.948">
    <failure type="org.openqa.selenium.NoSuchElementException" message="no such element: Unable to locate element: {&amp;quot;method&amp;quot;:&amp;quot;xpath&amp;quot;,&amp;quot;selector&amp;quot;:&amp;quot;//i[@class=&amp;apos;icon fas fa-check&amp;apos;]&amp;quot;}
  (Session info: chrome=113.0.5672.92)
For documentation on this error, please visit: https://selenium.dev/exceptions/#no_such_element
Build info: version: &amp;apos;4.9.0&amp;apos;, revision: &amp;apos;d7057100a6&amp;apos;
System info: os.name: &amp;apos;Linux&amp;apos;, os.arch: &amp;apos;amd64&amp;apos;, os.version: &amp;apos;5.19.0-46-generic&amp;apos;, java.version: &amp;apos;11.0.19&amp;apos;
Driver info: org.openqa.selenium.chrome.ChromeDriver
Command: [3efeb24585c2e970c62c5d90074b9900, findElement {using=xpath, value=//i[@class=&amp;apos;icon fas fa-check&amp;apos;]}]
Capabilities {acceptInsecureCerts: false, browserName: chrome, browserVersion: 113.0.5672.92, chrome: {chromedriverVersion: 113.0.5672.63 (0e1a4471d5ae..., userDataDir: /tmp/.com.google.Chrome.TvTwuK}, goog:chromeOptions: {debuggerAddress: localhost:43613}, networkConnectionEnabled: false, pageLoadStrategy: normal, platformName: LINUX, proxy: Proxy(), se:cdp: ws://localhost:43613/devtoo..., se:cdpVersion: 113.0.5672.92, setWindowRect: true, strictFileInteractability: false, timeouts: {implicit: 0, pageLoad: 300000, script: 30000}, unhandledPromptBehavior: dismiss and notify, webauthn:extension:credBlob: true, webauthn:extension:largeBlob: true, webauthn:extension:minPinLength: true, webauthn:extension:prf: true, webauthn:virtualAuthenticators: true}
Session ID: 3efeb24585c2e970c62c5d90074b9900">
      <![CDATA[org.openqa.selenium.NoSuchElementException: no such element: Unable to locate element: {"method":"xpath","selector":"//i[@class='icon fas fa-check']"}
  (Session info: chrome=113.0.5672.92)
For documentation on this error, please visit: https://selenium.dev/exceptions/#no_such_element
Build info: version: '4.9.0', revision: 'd7057100a6'
System info: os.name: 'Linux', os.arch: 'amd64', os.version: '5.19.0-46-generic', java.version: '11.0.19'
Driver info: org.openqa.selenium.chrome.ChromeDriver
Command: [3efeb24585c2e970c62c5d90074b9900, findElement {using=xpath, value=//i[@class='icon fas fa-check']}]
Capabilities {acceptInsecureCerts: false, browserName: chrome, browserVersion: 113.0.5672.92, chrome: {chromedriverVersion: 113.0.5672.63 (0e1a4471d5ae..., userDataDir: /tmp/.com.google.Chrome.TvTwuK}, goog:chromeOptions: {debuggerAddress: localhost:43613}, networkConnectionEnabled: false, pageLoadStrategy: normal, platformName: LINUX, proxy: Proxy(), se:cdp: ws://localhost:43613/devtoo..., se:cdpVersion: 113.0.5672.92, setWindowRect: true, strictFileInteractability: false, timeouts: {implicit: 0, pageLoad: 300000, script: 30000}, unhandledPromptBehavior: dismiss and notify, webauthn:extension:credBlob: true, webauthn:extension:largeBlob: true, webauthn:extension:minPinLength: true, webauthn:extension:prf: true, webauthn:virtualAuthenticators: true}
Session ID: 3efeb24585c2e970c62c5d90074b9900
at org.openqa.selenium.remote.codec.w3c.W3CHttpResponseCodec.createException(W3CHttpResponseCodec.java:200)
at org.openqa.selenium.remote.codec.w3c.W3CHttpResponseCodec.decode(W3CHttpResponseCodec.java:133)
at org.openqa.selenium.remote.codec.w3c.W3CHttpResponseCodec.decode(W3CHttpResponseCodec.java:53)
at org.openqa.selenium.remote.HttpCommandExecutor.execute(HttpCommandExecutor.java:193)
at org.openqa.selenium.remote.service.DriverCommandExecutor.invokeExecute(DriverCommandExecutor.java:183)
at org.openqa.selenium.remote.service.DriverCommandExecutor.execute(DriverCommandExecutor.java:158)
at org.openqa.selenium.remote.RemoteWebDriver.execute(RemoteWebDriver.java:543)
at org.openqa.selenium.remote.ElementLocation$ElementFinder$2.findElement(ElementLocation.java:162)
at org.openqa.selenium.remote.ElementLocation.findElement(ElementLocation.java:60)
at org.openqa.selenium.remote.RemoteWebDriver.findElement(RemoteWebDriver.java:352)
at org.openqa.selenium.remote.RemoteWebDriver.findElement(RemoteWebDriver.java:344)
at org.openqa.selenium.support.pagefactory.DefaultElementLocator.findElement(DefaultElementLocator.java:70)
at org.openqa.selenium.support.pagefactory.internal.LocatingElementHandler.invoke(LocatingElementHandler.java:39)
at com.sun.proxy.$Proxy19.isDisplayed(Unknown Source)
at utilities.GeneralUtilities.isDisplayed(GeneralUtilities.java:26)
at pageClass.ExpenseCategory.newExpenseCategoryCreatedOrNot(ExpenseCategory.java:73)
at ExecutePageClasses.ExpenseCategoryTestClass.verifyToCreateNewExpense(ExpenseCategoryTestClass.java:31)
at java.base/java.util.ArrayList.forEach(ArrayList.java:1541)
at java.base/java.util.concurrent.FutureTask.run(FutureTask.java:264)
at java.base/java.util.concurrent.ThreadPoolExecutor.runWorker(ThreadPoolExecutor.java:1128)
at java.base/java.util.concurrent.ThreadPoolExecutor$Worker.run(ThreadPoolExecutor.java:628)
at java.base/java.lang.Thread.run(Thread.java:829)
... Removed 21 stack frames]]>
    </failure>
  </testcase> <!-- verifyToCreateNewExpense -->
  <testcase classname="ExecutePageClasses.LoginPageTestClass" name="verifyRememberMeCheckBoxIsSlectedOrNot" time="0.079"/>
  <testcase classname="ExecutePageClasses.ExpenseCategoryTestClass" name="verifyToSearchCreatedExpense" time="1.72"/>
  <testcase classname="ExecutePageClasses.ExpenseCategoryTestClass" name="verifyToDeleteCreatedExpense" time="2.317"/>
  <testcase classname="ExecutePageClasses.BaseClassTest" name="@BeforeSuite createReport" time="0.0">
    <ignored/>
  </testcase> <!-- @BeforeSuite createReport -->
  <testcase classname="ExecutePageClasses.BaseClassTest" name="@BeforeSuite createReport" time="0.0">
    <ignored/>
  </testcase> <!-- @BeforeSuite createReport -->
  <testcase classname="ExecutePageClasses.BaseClassTest" name="@BeforeSuite createReport" time="0.0">
    <ignored/>
  </testcase> <!-- @BeforeSuite createReport -->
  <testcase classname="ExecutePageClasses.BaseClassTest" name="@BeforeSuite createReport" time="0.0">
    <ignored/>
  </testcase> <!-- @BeforeSuite createReport -->
</testsuite> <!-- ParallelTest -->
